<?xml version="1.0" encoding="UTF-8"?>
<testng-results ignored="0" total="1" passed="1" failed="0" skipped="0">
  <reporter-output>
  </reporter-output>
  <suite started-at="2024-07-04T17:42:37 IST" name="Default suite" finished-at="2024-07-04T17:42:59 IST" duration-ms="21864">
    <groups>
    </groups>
    <test started-at="2024-07-04T17:42:37 IST" name="Default test" finished-at="2024-07-04T17:42:59 IST" duration-ms="21864">
      <class name="test.ProductSearchTest">
        <test-method is-config="true" signature="configureReporting()[pri:0, instance:test.ProductSearchTest@1349883]" started-at="2024-07-04T17:42:37 IST" name="configureReporting" finished-at="2024-07-04T17:42:38 IST" duration-ms="451" status="PASS">
          <reporter-output>
          </reporter-output>
        </test-method> <!-- configureReporting -->
        <test-method is-config="true" signature="openApplication()[pri:0, instance:test.ProductSearchTest@1349883]" started-at="2024-07-04T17:42:38 IST" name="openApplication" finished-at="2024-07-04T17:42:53 IST" duration-ms="15708" status="PASS">
          <reporter-output>
          </reporter-output>
        </test-method> <!-- openApplication -->
        <test-method signature="verifyIfUserIsAbleRoSerachProduct()[pri:0, instance:test.ProductSearchTest@1349883]" started-at="2024-07-04T17:42:53 IST" name="verifyIfUserIsAbleRoSerachProduct" finished-at="2024-07-04T17:42:58 IST" duration-ms="4260" status="PASS">
          <reporter-output>
          </reporter-output>
        </test-method> <!-- verifyIfUserIsAbleRoSerachProduct -->
        <test-method is-config="true" signature="closeBrowser()[pri:0, instance:test.ProductSearchTest@1349883]" started-at="2024-07-04T17:42:58 IST" name="closeBrowser" finished-at="2024-07-04T17:42:58 IST" duration-ms="448" status="PASS">
          <reporter-output>
          </reporter-output>
        </test-method> <!-- closeBrowser -->
        <test-method is-config="true" signature="publishReport()[pri:0, instance:test.ProductSearchTest@1349883]" started-at="2024-07-04T17:42:58 IST" name="publishReport" finished-at="2024-07-04T17:42:59 IST" duration-ms="932" status="PASS">
          <reporter-output>
          </reporter-output>
        </test-method> <!-- publishReport -->
      </class> <!-- test.ProductSearchTest -->
    </test> <!-- Default test -->
  </suite> <!-- Default suite -->
</testng-results>
